<?xml version="1.0" encoding="UTF-8"?>
<testsuite xmlns:xsi="http://www.w3.org/2001/XMLSchema-instance" xsi:noNamespaceSchemaLocation="https://maven.apache.org/surefire/maven-surefire-plugin/xsd/surefire-test-report.xsd" name="AppTest" time="0.035" tests="1" errors="0" skipped="0" failures="0">
  <properties>
    <property name="java.specification.version" value="15"/>
    <property name="sun.jnu.encoding" value="UTF-8"/>
    <property name="java.class.path" value="/Volumes/GoogleDrive/내 드라이브/Kakao/Projects/jdbc-test/maven/target/test-classes:/Volumes/GoogleDrive/내 드라이브/Kakao/Projects/jdbc-test/maven/target/classes:/Users/kakao/.m2/repository/junit/junit/4.11/junit-4.11.jar:/Users/kakao/.m2/repository/org/hamcrest/hamcrest-core/1.3/hamcrest-core-1.3.jar:/Users/kakao/.m2/repository/mysql/mysql-connector-java/8.0.23/mysql-connector-java-8.0.23.jar:/Users/kakao/.m2/repository/com/google/protobuf/protobuf-java/3.11.4/protobuf-java-3.11.4.jar:/Users/kakao/.m2/repository/org/apache/commons/commons-dbcp2/2.8.0/commons-dbcp2-2.8.0.jar:/Users/kakao/.m2/repository/org/apache/commons/commons-pool2/2.8.1/commons-pool2-2.8.1.jar:/Users/kakao/.m2/repository/commons-logging/commons-logging/1.2/commons-logging-1.2.jar:"/>
    <property name="java.vm.vendor" value="Oracle Corporation"/>
    <property name="sun.arch.data.model" value="64"/>
    <property name="java.vendor.url" value="https://openjdk.java.net/"/>
    <property name="os.name" value="Mac OS X"/>
    <property name="java.vm.specification.version" value="15"/>
    <property name="sun.java.launcher" value="SUN_STANDARD"/>
    <property name="user.country" value="KR"/>
    <property name="sun.boot.library.path" value="/usr/local/Cellar/openjdk/15.0.2/libexec/openjdk.jdk/Contents/Home/lib"/>
    <property name="sun.java.command" value="/Volumes/GoogleDrive/내 드라이브/Kakao/Projects/jdbc-test/maven/target/surefire/surefirebooter12539935702707166610.jar /Volumes/GoogleDrive/내 드라이브/Kakao/Projects/jdbc-test/maven/target/surefire 2021-04-16T18-29-06_059-jvmRun1 surefire4712336079678645947tmp surefire_014719266557725115243tmp"/>
    <property name="jdk.debug" value="release"/>
    <property name="surefire.test.class.path" value="/Volumes/GoogleDrive/내 드라이브/Kakao/Projects/jdbc-test/maven/target/test-classes:/Volumes/GoogleDrive/내 드라이브/Kakao/Projects/jdbc-test/maven/target/classes:/Users/kakao/.m2/repository/junit/junit/4.11/junit-4.11.jar:/Users/kakao/.m2/repository/org/hamcrest/hamcrest-core/1.3/hamcrest-core-1.3.jar:/Users/kakao/.m2/repository/mysql/mysql-connector-java/8.0.23/mysql-connector-java-8.0.23.jar:/Users/kakao/.m2/repository/com/google/protobuf/protobuf-java/3.11.4/protobuf-java-3.11.4.jar:/Users/kakao/.m2/repository/org/apache/commons/commons-dbcp2/2.8.0/commons-dbcp2-2.8.0.jar:/Users/kakao/.m2/repository/org/apache/commons/commons-pool2/2.8.1/commons-pool2-2.8.1.jar:/Users/kakao/.m2/repository/commons-logging/commons-logging/1.2/commons-logging-1.2.jar:"/>
    <property name="sun.cpu.endian" value="little"/>
    <property name="user.home" value="/Users/kakao"/>
    <property name="user.language" value="ko"/>
    <property name="java.specification.vendor" value="Oracle Corporation"/>
    <property name="java.version.date" value="2021-01-19"/>
    <property name="java.home" value="/usr/local/Cellar/openjdk/15.0.2/libexec/openjdk.jdk/Contents/Home"/>
    <property name="file.separator" value="/"/>
    <property name="basedir" value="/Volumes/GoogleDrive/내 드라이브/Kakao/Projects/jdbc-test/maven"/>
    <property name="java.vm.compressedOopsMode" value="Zero based"/>
    <property name="line.separator" value="&#10;"/>
    <property name="java.vm.specification.vendor" value="Oracle Corporation"/>
    <property name="java.specification.name" value="Java Platform API Specification"/>
    <property name="surefire.real.class.path" value="/Volumes/GoogleDrive/내 드라이브/Kakao/Projects/jdbc-test/maven/target/surefire/surefirebooter12539935702707166610.jar"/>
    <property name="sun.management.compiler" value="HotSpot 64-Bit Tiered Compilers"/>
    <property name="java.runtime.version" value="15.0.2+7"/>
    <property name="user.name" value="kakao"/>
    <property name="path.separator" value=":"/>
    <property name="os.version" value="11.2.3"/>
    <property name="java.runtime.name" value="OpenJDK Runtime Environment"/>
    <property name="file.encoding" value="UTF-8"/>
    <property name="java.vm.name" value="OpenJDK 64-Bit Server VM"/>
    <property name="localRepository" value="/Users/kakao/.m2/repository"/>
    <property name="java.vendor.url.bug" value="https://bugreport.java.com/bugreport/"/>
    <property name="java.io.tmpdir" value="/var/folders/30/vrkhh6191ydffxn48djpbvjm0000gn/T/"/>
    <property name="java.version" value="15.0.2"/>
    <property name="user.dir" value="/Volumes/GoogleDrive/내 드라이브/Kakao/Projects/jdbc-test/maven"/>
    <property name="os.arch" value="x86_64"/>
    <property name="java.vm.specification.name" value="Java Virtual Machine Specification"/>
    <property name="java.library.path" value="/Users/kakao/Library/Java/Extensions:/Library/Java/Extensions:/Network/Library/Java/Extensions:/System/Library/Java/Extensions:/usr/lib/java:."/>
    <property name="java.vm.info" value="mixed mode, sharing"/>
    <property name="java.vendor" value="N/A"/>
    <property name="java.vm.version" value="15.0.2+7"/>
    <property name="sun.io.unicode.encoding" value="UnicodeBig"/>
    <property name="java.class.version" value="59.0"/>
  </properties>
  <testcase name="shouldAnswerWithTrue" classname="AppTest" time="0.001"/>
</testsuite>